<?xml version="1.0" encoding="UTF-8"?>
<!-- Generated by org.testng.reporters.JUnitXMLReporter -->
<testsuite hostname="BDTUDV31328" name="ChromeTest" tests="3" failures="0" timestamp="24 Dec 2016 10:02:23 GMT" time="12.68" errors="0">
  <testcase name="wordPressLogin" time="4.742" classname="prectice_16_12_16.DataDrivenMukesh"/>
  <testcase name="wordPressLogin" time="1.432" classname="prectice_16_12_16.DataDrivenMukesh"/>
  <testcase name="wordPressLogin" time="1.378" classname="prectice_16_12_16.DataDrivenMukesh"/>
</testsuite> <!-- ChromeTest -->
