<?xml version="1.0" encoding="UTF-8"?>
<!-- Generated by org.testng.reporters.JUnitXMLReporter -->
<testsuite hostname="BDTUDV31328" name="FirefoxTest" tests="3" failures="0" timestamp="24 Dec 2016 10:02:44 GMT" time="20.286" errors="0">
  <testcase name="wordPressLogin" time="4.45" classname="prectice_16_12_16.DataDrivenMukesh"/>
  <testcase name="wordPressLogin" time="1.506" classname="prectice_16_12_16.DataDrivenMukesh"/>
  <testcase name="wordPressLogin" time="1.946" classname="prectice_16_12_16.DataDrivenMukesh"/>
</testsuite> <!-- FirefoxTest -->
