<?xml version="1.0" encoding="UTF-8"?>
<!-- Generated by org.testng.reporters.JUnitXMLReporter -->
<testsuite hostname="BDTUDV31328" name="Google" tests="3" failures="0" timestamp="20 Feb 2017 06:18:05 GMT" time="0.03" errors="0">
  <testcase name="SearchText" time="0.005" classname="AntTestNG.GoogleTest"/>
  <testcase name="UserID" time="0.002" classname="AntTestNG.GoogleTest">
    <skipped/>
  </testcase> <!-- UserID -->
  <testcase name="Password" time="0.001" classname="AntTestNG.GoogleTest"/>
</testsuite> <!-- Google -->
