<?xml version="1.0" encoding="UTF-8"?>
<!-- Generated by org.testng.reporters.JUnitXMLReporter -->
<testsuite hostname="BDTUDV31328" name="Test" tests="3" failures="1" timestamp="21 Feb 2017 05:07:54 GMT" time="0.042" errors="0">
  <testcase name="test1" time="0.011" classname="AntTestNG.SimpleTestListener"/>
  <testcase name="test2" time="0.001" classname="AntTestNG.SimpleTestListener">
    <skipped/>
  </testcase> <!-- test2 -->
  <testcase name="test3" time="0.01" classname="AntTestNG.SimpleTestListener">
    <failure type="java.lang.AssertionError" message="expected [B] but found [A]">
      <![CDATA[java.lang.AssertionError: expected [B] but found [A]
	at AntTestNG.SimpleTestListener.test3(SimpleTestListener.java:22)
... Removed 29 stack frames]]>
    </failure>
  </testcase> <!-- test3 -->
</testsuite> <!-- Test -->
